d:\programmingprojects\asound\dmxledpanels\dmxledpanel\libartnet\msvc\libartnet\debug\vc141.pdb
d:\programmingprojects\asound\dmxledpanels\dmxledpanel\libartnet\msvc\libartnet\debug\vc141.idb
d:\programmingprojects\asound\dmxledpanels\dmxledpanel\libartnet\msvc\libartnet\debug\transmit.obj
d:\programmingprojects\asound\dmxledpanels\dmxledpanel\libartnet\msvc\libartnet\debug\tod.obj
d:\programmingprojects\asound\dmxledpanels\dmxledpanel\libartnet\msvc\libartnet\debug\receive.obj
d:\programmingprojects\asound\dmxledpanels\dmxledpanel\libartnet\msvc\libartnet\debug\network.obj
d:\programmingprojects\asound\dmxledpanels\dmxledpanel\libartnet\msvc\libartnet\debug\misc.obj
d:\programmingprojects\asound\dmxledpanels\dmxledpanel\libartnet\msvc\libartnet\debug\artnet.obj
d:\programmingprojects\asound\dmxledpanels\dmxledpanel\debug\libartnet.lib
d:\programmingprojects\asound\dmxledpanels\dmxledpanel\debug\libartnet.exp
d:\programmingprojects\asound\dmxledpanels\dmxledpanel\debug\libartnet.ilk
d:\programmingprojects\asound\dmxledpanels\dmxledpanel\debug\libartnet.dll
d:\programmingprojects\asound\dmxledpanels\dmxledpanel\debug\libartnet.pdb
d:\programmingprojects\asound\dmxledpanels\dmxledpanel\libartnet\msvc\libartnet\debug\libartnet.tlog\cl.command.1.tlog
d:\programmingprojects\asound\dmxledpanels\dmxledpanel\libartnet\msvc\libartnet\debug\libartnet.tlog\cl.read.1.tlog
d:\programmingprojects\asound\dmxledpanels\dmxledpanel\libartnet\msvc\libartnet\debug\libartnet.tlog\cl.write.1.tlog
d:\programmingprojects\asound\dmxledpanels\dmxledpanel\libartnet\msvc\libartnet\debug\libartnet.tlog\libartnet.write.1u.tlog
d:\programmingprojects\asound\dmxledpanels\dmxledpanel\libartnet\msvc\libartnet\debug\libartnet.tlog\link.command.1.tlog
d:\programmingprojects\asound\dmxledpanels\dmxledpanel\libartnet\msvc\libartnet\debug\libartnet.tlog\link.read.1.tlog
d:\programmingprojects\asound\dmxledpanels\dmxledpanel\libartnet\msvc\libartnet\debug\libartnet.tlog\link.write.1.tlog
