d:\programmingprojects\asound\dmxledpanels\dmxledpanel\libartnet\msvc\libartnet\x64\debug\vc141.pdb
d:\programmingprojects\asound\dmxledpanels\dmxledpanel\libartnet\msvc\libartnet\x64\debug\vc141.idb
d:\programmingprojects\asound\dmxledpanels\dmxledpanel\libartnet\msvc\libartnet\x64\debug\transmit.obj
d:\programmingprojects\asound\dmxledpanels\dmxledpanel\libartnet\msvc\libartnet\x64\debug\tod.obj
d:\programmingprojects\asound\dmxledpanels\dmxledpanel\libartnet\msvc\libartnet\x64\debug\receive.obj
d:\programmingprojects\asound\dmxledpanels\dmxledpanel\libartnet\msvc\libartnet\x64\debug\network.obj
d:\programmingprojects\asound\dmxledpanels\dmxledpanel\libartnet\msvc\libartnet\x64\debug\misc.obj
d:\programmingprojects\asound\dmxledpanels\dmxledpanel\libartnet\msvc\libartnet\x64\debug\artnet.obj
d:\programmingprojects\asound\dmxledpanels\dmxledpanel\core\deps\libartnet\lib\libartnet.lib
d:\programmingprojects\asound\dmxledpanels\dmxledpanel\core\deps\libartnet\lib\libartnet.exp
d:\programmingprojects\asound\dmxledpanels\dmxledpanel\core\deps\libartnet\lib\libartnet.dll
d:\programmingprojects\asound\dmxledpanels\dmxledpanel\core\deps\libartnet\lib\libartnet.ilk
d:\programmingprojects\asound\dmxledpanels\dmxledpanel\core\deps\libartnet\lib\libartnet.pdb
d:\programmingprojects\asound\dmxledpanels\dmxledpanel\libartnet\msvc\libartnet\..\..\..\core\deps\libartnet\lib\libartnet.dll
d:\programmingprojects\asound\dmxledpanels\dmxledpanel\libartnet\msvc\libartnet\x64\debug\libartnet.tlog\cl.command.1.tlog
d:\programmingprojects\asound\dmxledpanels\dmxledpanel\libartnet\msvc\libartnet\x64\debug\libartnet.tlog\cl.read.1.tlog
d:\programmingprojects\asound\dmxledpanels\dmxledpanel\libartnet\msvc\libartnet\x64\debug\libartnet.tlog\cl.write.1.tlog
d:\programmingprojects\asound\dmxledpanels\dmxledpanel\libartnet\msvc\libartnet\x64\debug\libartnet.tlog\libartnet.write.1u.tlog
d:\programmingprojects\asound\dmxledpanels\dmxledpanel\libartnet\msvc\libartnet\x64\debug\libartnet.tlog\link.command.1.tlog
d:\programmingprojects\asound\dmxledpanels\dmxledpanel\libartnet\msvc\libartnet\x64\debug\libartnet.tlog\link.read.1.tlog
d:\programmingprojects\asound\dmxledpanels\dmxledpanel\libartnet\msvc\libartnet\x64\debug\libartnet.tlog\link.write.1.tlog
